<?xml version="1.0" encoding="UTF-8"?>
<!-- Generated by org.testng.reporters.JUnitXMLReporter -->
<testsuite hostname="HMECL001441" ignored="0" name="Test" tests="4" failures="0" timestamp="21 Mar 2019 07:07:02 GMT" time="29.612" errors="0">
  <testcase name="LaunchApp" time="5.325" classname="testcases.HRMSLogin"/>
  <testcase name="login" time="2.593" classname="testcases.HRMSLogin"/>
  <testcase name="logout" time="4.942" classname="testcases.HRMSLogin"/>
  <testcase name="Google" time="11.164" classname="testcases.Google"/>
</testsuite> <!-- Test -->
