<?xml version="1.0" encoding="UTF-8"?>
<testng-results skipped="0" failed="0" total="3" passed="3">
  <reporter-output>
  </reporter-output>
  <suite name="Default suite" duration-ms="14261" started-at="2019-03-20T13:19:02Z" finished-at="2019-03-20T13:19:16Z">
    <groups>
    </groups>
    <test name="Default test" duration-ms="14261" started-at="2019-03-20T13:19:02Z" finished-at="2019-03-20T13:19:16Z">
      <class name="testcases.HRMSLogin">
        <test-method status="PASS" signature="startBrowser()[pri:0, instance:testcases.HRMSLogin@4f7d0008]" name="startBrowser" is-config="true" duration-ms="3121" started-at="2019-03-20T18:49:02Z" finished-at="2019-03-20T18:49:05Z">
          <reporter-output>
          </reporter-output>
        </test-method> <!-- startBrowser -->
        <test-method status="PASS" signature="LaunchApp()[pri:0, instance:testcases.HRMSLogin@4f7d0008]" name="LaunchApp" duration-ms="4326" started-at="2019-03-20T18:49:05Z" finished-at="2019-03-20T18:49:09Z">
          <reporter-output>
          </reporter-output>
        </test-method> <!-- LaunchApp -->
        <test-method status="PASS" signature="login()[pri:0, instance:testcases.HRMSLogin@4f7d0008]" name="login" duration-ms="2063" started-at="2019-03-20T18:49:09Z" depends-on-methods="testcases.HRMSLogin.LaunchApp" finished-at="2019-03-20T18:49:11Z">
          <reporter-output>
          </reporter-output>
        </test-method> <!-- login -->
        <test-method status="PASS" signature="logout()[pri:0, instance:testcases.HRMSLogin@4f7d0008]" name="logout" duration-ms="2834" started-at="2019-03-20T18:49:11Z" depends-on-methods="testcases.HRMSLogin.login" finished-at="2019-03-20T18:49:14Z">
          <reporter-output>
          </reporter-output>
        </test-method> <!-- logout -->
        <test-method status="PASS" signature="closeapp()[pri:0, instance:testcases.HRMSLogin@4f7d0008]" name="closeapp" is-config="true" duration-ms="1896" started-at="2019-03-20T18:49:14Z" finished-at="2019-03-20T18:49:16Z">
          <reporter-output>
          </reporter-output>
        </test-method> <!-- closeapp -->
      </class> <!-- testcases.HRMSLogin -->
    </test> <!-- Default test -->
  </suite> <!-- Default suite -->
</testng-results>
